INFO: Initializing raylib 5.5
INFO: Platform backend: DESKTOP (GLFW)
INFO: Supported raylib modules:
INFO:     > rcore:..... loaded (mandatory)
INFO:     > rlgl:...... loaded (mandatory)
INFO:     > rshapes:... loaded (optional)
INFO:     > rtextures:. loaded (optional)
INFO:     > rtext:..... loaded (optional)
INFO:     > rmodels:... loaded (optional)
INFO:     > raudio:.... loaded (optional)
INFO: DISPLAY: Device initialized successfully
INFO:     > Display size: 2560 x 1600
INFO:     > Screen size:  1600 x 900
INFO:     > Render size:  1600 x 900
INFO:     > Viewport offsets: 0, 0
INFO: GLAD: OpenGL extensions loaded successfully
INFO: GL: Supported extensions count: 246
INFO: GL: OpenGL device information:
INFO:     > Vendor:   Intel
INFO:     > Renderer: Intel(R) RaptorLake-S Mobile Graphics Controller
INFO:     > Version:  3.3.0 - Build 32.0.101.6733
INFO:     > GLSL:     3.30 - Build 32.0.101.6733
INFO: GL: VAO extension detected, VAO functions loaded successfully
INFO: GL: NPOT textures extension detected, full NPOT textures supported
INFO: GL: DXT compressed textures supported
INFO: GL: ETC2/EAC compressed textures supported
INFO: PLATFORM: DESKTOP (GLFW - Win32): Initialized successfully
INFO: TEXTURE: [ID 1] Texture loaded successfully (1x1 | R8G8B8A8 | 1 mipmaps)
INFO: TEXTURE: [ID 1] Default texture loaded successfully
INFO: SHADER: [ID 1] Vertex shader compiled successfully
INFO: SHADER: [ID 2] Fragment shader compiled successfully
INFO: SHADER: [ID 3] Program shader loaded successfully
INFO: SHADER: [ID 3] Default shader loaded successfully
INFO: RLGL: Render batch vertex buffers loaded successfully in RAM (CPU)
INFO: RLGL: Render batch vertex buffers loaded successfully in VRAM (GPU)
INFO: RLGL: Default OpenGL state initialized successfully
INFO: TEXTURE: [ID 2] Texture loaded successfully (128x128 | GRAY_ALPHA | 1 mipmaps)
INFO: FONT: Default font loaded successfully (224 glyphs)
INFO: SYSTEM: Working Directory: F:\Workspace\AI_writing_scoring
INFO: TIMER: Target time per frame: 16.667 milliseconds
INFO: FILEIO: [F:\Workspace\AI_writing_scoring/assets/button.bmp] File loaded successfully
INFO: IMAGE: Data loaded successfully (200x100 | R8G8B8A8 | 1 mipmaps)
INFO: TEXTURE: [ID 3] Texture loaded successfully (200x100 | R8G8B8A8 | 1 mipmaps)
INFO: FILEIO: [F:\Workspace\AI_writing_scoring/assets/savebtn.bmp] File loaded successfully
INFO: IMAGE: Data loaded successfully (200x100 | R8G8B8A8 | 1 mipmaps)
INFO: TEXTURE: [ID 4] Texture loaded successfully (200x100 | R8G8B8A8 | 1 mipmaps)
[Mon Jan  5 20:18:57 2026] [INFO]  now_str: ren .\logs\console.log log_Mon_Jan__5_20_18_57_2026.log
[Mon Jan  5 20:18:57 2026] [INFO]  WorkingDirectory: F:\Workspace\AI_writing_scoring
[Mon Jan  5 20:18:57 2026] [INFO]  finalShellStr: cd F:\Workspace\AI_writing_scoring && ren .\logs\console.log log_Mon_Jan__5_20_18_57_2026.log
